11:35:16 **** Incremental Build of configuration Debug for project Day1_Assignment2 ****
make all 
Building file: ../main.c
Invoking: AVR Compiler
avr-gcc -Wall -g2 -gstabs -O0 -fpack-struct -fshort-enums -ffunction-sections -fdata-sections -std=gnu99 -funsigned-char -funsigned-bitfields -mmcu=atmega32 -DF_CPU=8000000UL -MMD -MP -MF"main.d" -MT"main.o" -c -o "main.o" "../main.c"
In file included from ../main.c:15:
c:/winavr-20100110/lib/gcc/../../avr/include/util/delay.h:90:3: warning: #warning "Compiler optimizations disabled; functions from <util/delay.h> won't work as designed"
Finished building: ../main.c
 
Building target: Day1_Assignment2.elf
Invoking: AVR C Linker
avr-gcc -Wl,-Map,Day1_Assignment2.map -mmcu=atmega32 -o "Day1_Assignment2.elf"  ./main.o   
Finished building target: Day1_Assignment2.elf
 
Invoking: AVR Create Extended Listing
avr-objdump -h -S Day1_Assignment2.elf  >"Day1_Assignment2.lss"
Finished building: Day1_Assignment2.lss
 
Invoking: Print Size
avr-size --format=avr --mcu=atmega32 Day1_Assignment2.elf
AVR Memory Usage
----------------
Device: atmega32

Program:    8314 bytes (25.4% Full)
(.text + .data + .bootloader)

Data:          8 bytes (0.4% Full)
(.data + .bss + .noinit)


Finished building: sizedummy
 

11:35:16 Build Finished. 0 errors, 1 warnings. (took 675ms)

