01:33:07 **** Incremental Build of configuration Debug for project delay ****
make all 
Building file: ../MTIM_program.c
Invoking: AVR Compiler
avr-gcc -Wall -g2 -gstabs -O0 -fpack-struct -fshort-enums -ffunction-sections -fdata-sections -std=gnu99 -funsigned-char -funsigned-bitfields -mmcu=atmega32 -DF_CPU=8000000UL -MMD -MP -MF"MTIM_program.d" -MT"MTIM_program.o" -c -o "MTIM_program.o" "../MTIM_program.c"
Finished building: ../MTIM_program.c
 
Building file: ../main.c
Invoking: AVR Compiler
avr-gcc -Wall -g2 -gstabs -O0 -fpack-struct -fshort-enums -ffunction-sections -fdata-sections -std=gnu99 -funsigned-char -funsigned-bitfields -mmcu=atmega32 -DF_CPU=8000000UL -MMD -MP -MF"main.d" -MT"main.o" -c -o "main.o" "../main.c"
Finished building: ../main.c
 
Building target: delay.elf
Invoking: AVR C Linker
avr-gcc -Wl,-Map,delay.map -mmcu=atmega32 -o "delay.elf"  ./MDIO_program.o ./MGIE_pogram.o ./MTIM_program.o ./main.o   
Finished building target: delay.elf
 
Invoking: AVR Create Extended Listing
avr-objdump -h -S delay.elf  >"delay.lss"
Finished building: delay.lss
 
Create Flash image (ihex format)
avr-objcopy -R .eeprom -R .fuse -R .lock -R .signature -O ihex delay.elf  "delay.hex"
Finished building: delay.hex
 
Invoking: Print Size
avr-size --format=avr --mcu=atmega32 delay.elf
AVR Memory Usage
----------------
Device: atmega32

Program:    9354 bytes (28.5% Full)
(.text + .data + .bootloader)

Data:        283 bytes (13.8% Full)
(.data + .bss + .noinit)


Finished building: sizedummy
 

01:33:08 Build Finished. 0 errors, 0 warnings. (took 768ms)

