14:30:08 **** Incremental Build of configuration Debug for project EXTI_driver ****
make all 
Building file: ../MEXTI_program.c
Invoking: AVR Compiler
avr-gcc -Wall -g2 -gstabs -O0 -fpack-struct -fshort-enums -ffunction-sections -fdata-sections -std=gnu99 -funsigned-char -funsigned-bitfields -mmcu=atmega32 -DF_CPU=8000000UL -MMD -MP -MF"MEXTI_program.d" -MT"MEXTI_program.o" -c -o "MEXTI_program.o" "../MEXTI_program.c"
Finished building: ../MEXTI_program.c
 
Building file: ../main.c
Invoking: AVR Compiler
avr-gcc -Wall -g2 -gstabs -O0 -fpack-struct -fshort-enums -ffunction-sections -fdata-sections -std=gnu99 -funsigned-char -funsigned-bitfields -mmcu=atmega32 -DF_CPU=8000000UL -MMD -MP -MF"main.d" -MT"main.o" -c -o "main.o" "../main.c"
In file included from ../main.c:9:
c:/winavr-20100110/lib/gcc/../../avr/include/util/delay.h:90:3: warning: #warning "Compiler optimizations disabled; functions from <util/delay.h> won't work as designed"
Finished building: ../main.c
 
Building target: EXTI_driver.elf
Invoking: AVR C Linker
avr-gcc -Wl,-Map,EXTI_driver.map -mmcu=atmega32 -o "EXTI_driver.elf"  ./MDIO_program.o ./MEXTI_program.o ./MGIE_pogram.o ./main.o   
Finished building target: EXTI_driver.elf
 
Invoking: AVR Create Extended Listing
avr-objdump -h -S EXTI_driver.elf  >"EXTI_driver.lss"
Finished building: EXTI_driver.lss
 
Create Flash image (ihex format)
avr-objcopy -R .eeprom -R .fuse -R .lock -R .signature -O ihex EXTI_driver.elf  "EXTI_driver.hex"
Finished building: EXTI_driver.hex
 
Invoking: Print Size
avr-size --format=avr --mcu=atmega32 EXTI_driver.elf
AVR Memory Usage
----------------
Device: atmega32

Program:    3758 bytes (11.5% Full)
(.text + .data + .bootloader)

Data:          6 bytes (0.3% Full)
(.data + .bss + .noinit)


Finished building: sizedummy
 

14:30:09 Build Finished. 0 errors, 1 warnings. (took 722ms)

