18:23:31 **** Incremental Build of configuration Debug for project LCD_DisplayTime_First_project ****
make all 
Building file: ../main.c
Invoking: AVR Compiler
avr-gcc -Wall -g2 -gstabs -O0 -fpack-struct -fshort-enums -ffunction-sections -fdata-sections -std=gnu99 -funsigned-char -funsigned-bitfields -mmcu=atmega32 -DF_CPU=8000000UL -MMD -MP -MF"main.d" -MT"main.o" -c -o "main.o" "../main.c"
In file included from ../main.c:12:
c:/winavr-20100110/lib/gcc/../../avr/include/util/delay.h:90:3: warning: #warning "Compiler optimizations disabled; functions from <util/delay.h> won't work as designed"
Finished building: ../main.c
 
Building target: LCD_DisplayTime_First_project.elf
Invoking: AVR C Linker
avr-gcc -Wl,-Map,LCD_DisplayTime_First_project.map -mmcu=atmega32 -o "LCD_DisplayTime_First_project.elf"  ./HKEYPAD_program.o ./HLCD_program.o ./MDIO_program.o ./MEXTI_program.o ./MGIE_pogram.o ./MTIM_program.o ./main.o   
Finished building target: LCD_DisplayTime_First_project.elf
 
Invoking: AVR Create Extended Listing
avr-objdump -h -S LCD_DisplayTime_First_project.elf  >"LCD_DisplayTime_First_project.lss"
Finished building: LCD_DisplayTime_First_project.lss
 
Create Flash image (ihex format)
avr-objcopy -R .eeprom -R .fuse -R .lock -R .signature -O ihex LCD_DisplayTime_First_project.elf  "LCD_DisplayTime_First_project.hex"
Finished building: LCD_DisplayTime_First_project.hex
 
Invoking: Print Size
avr-size --format=avr --mcu=atmega32 LCD_DisplayTime_First_project.elf
AVR Memory Usage
----------------
Device: atmega32

Program:   18592 bytes (56.7% Full)
(.text + .data + .bootloader)

Data:        335 bytes (16.4% Full)
(.data + .bss + .noinit)


Finished building: sizedummy
 
