10:00:19 **** Incremental Build of configuration Debug for project ICU_usingEXTI ****
make all 
Building file: ../MTIM_program.c
Invoking: AVR Compiler
avr-gcc -Wall -g2 -gstabs -O0 -fpack-struct -fshort-enums -ffunction-sections -fdata-sections -std=gnu99 -funsigned-char -funsigned-bitfields -mmcu=atmega32 -DF_CPU=8000000UL -MMD -MP -MF"MTIM_program.d" -MT"MTIM_program.o" -c -o "MTIM_program.o" "../MTIM_program.c"
Finished building: ../MTIM_program.c
 
Building file: ../main.c
Invoking: AVR Compiler
avr-gcc -Wall -g2 -gstabs -O0 -fpack-struct -fshort-enums -ffunction-sections -fdata-sections -std=gnu99 -funsigned-char -funsigned-bitfields -mmcu=atmega32 -DF_CPU=8000000UL -MMD -MP -MF"main.d" -MT"main.o" -c -o "main.o" "../main.c"
In file included from ../main.c:12:
c:/winavr-20100110/lib/gcc/../../avr/include/util/delay.h:90:3: warning: #warning "Compiler optimizations disabled; functions from <util/delay.h> won't work as designed"
Finished building: ../main.c
 
Building target: ICU_usingEXTI.elf
Invoking: AVR C Linker
avr-gcc -Wl,-Map,ICU_usingEXTI.map -mmcu=atmega32 -o "ICU_usingEXTI.elf"  ./HLCD_program.o ./MADC_program.o ./MDIO_program.o ./MEXTI_program.o ./MGIE_pogram.o ./MTIM_program.o ./main.o   
Finished building target: ICU_usingEXTI.elf
 
Invoking: AVR Create Extended Listing
avr-objdump -h -S ICU_usingEXTI.elf  >"ICU_usingEXTI.lss"
Finished building: ICU_usingEXTI.lss
 
Create Flash image (ihex format)
avr-objcopy -R .eeprom -R .fuse -R .lock -R .signature -O ihex ICU_usingEXTI.elf  "ICU_usingEXTI.hex"
Finished building: ICU_usingEXTI.hex
 
Invoking: Print Size
avr-size --format=avr --mcu=atmega32 ICU_usingEXTI.elf
AVR Memory Usage
----------------
Device: atmega32

Program:   19000 bytes (58.0% Full)
(.text + .data + .bootloader)

Data:        331 bytes (16.2% Full)
(.data + .bss + .noinit)


Finished building: sizedummy
 

10:00:23 Build Finished. 0 errors, 1 warnings. (took 4s.106ms)

