15:20:56 **** Incremental Build of configuration Debug for project LCD_Spaghiti ****
make all 
Building file: ../main.c
Invoking: AVR Compiler
avr-gcc -Wall -g2 -gstabs -O0 -fpack-struct -fshort-enums -ffunction-sections -fdata-sections -std=gnu99 -funsigned-char -funsigned-bitfields -mmcu=atmega32 -DF_CPU=8000000UL -MMD -MP -MF"main.d" -MT"main.o" -c -o "main.o" "../main.c"
In file included from ../main.c:10:
c:/winavr-20100110/lib/gcc/../../avr/include/util/delay.h:90:3: warning: #warning "Compiler optimizations disabled; functions from <util/delay.h> won't work as designed"
Finished building: ../main.c
 
Building target: LCD_Spaghiti.elf
Invoking: AVR C Linker
avr-gcc -Wl,-Map,LCD_Spaghiti.map -mmcu=atmega32 -o "LCD_Spaghiti.elf"  ./MDIO_program.o ./main.o   
Finished building target: LCD_Spaghiti.elf
 
Invoking: AVR Create Extended Listing
avr-objdump -h -S LCD_Spaghiti.elf  >"LCD_Spaghiti.lss"
Finished building: LCD_Spaghiti.lss
 
Create Flash image (ihex format)
avr-objcopy -R .eeprom -R .fuse -R .lock -R .signature -O ihex LCD_Spaghiti.elf  "LCD_Spaghiti.hex"
Finished building: LCD_Spaghiti.hex
 
Invoking: Print Size
avr-size --format=avr --mcu=atmega32 LCD_Spaghiti.elf
AVR Memory Usage
----------------
Device: atmega32

Program:    9398 bytes (28.7% Full)
(.text + .data + .bootloader)

Data:         28 bytes (1.4% Full)
(.data + .bss + .noinit)


Finished building: sizedummy
 

15:20:56 Build Finished. 0 errors, 1 warnings. (took 668ms)

