10:48:27 **** Incremental Build of configuration Debug for project LED_Blink_APP ****
make all 
Building file: ../main.c
Invoking: AVR Compiler
avr-gcc -Wall -g2 -gstabs -O0 -fpack-struct -fshort-enums -ffunction-sections -fdata-sections -std=gnu99 -funsigned-char -funsigned-bitfields -mmcu=atmega32 -DF_CPU=8000000UL -MMD -MP -MF"main.d" -MT"main.o" -c -o "main.o" "../main.c"
In file included from ../main.c:15:
c:/winavr-20100110/lib/gcc/../../avr/include/util/delay.h:90:3: warning: #warning "Compiler optimizations disabled; functions from <util/delay.h> won't work as designed"
Finished building: ../main.c
 
Building target: LED_Blink_APP.elf
Invoking: AVR C Linker
avr-gcc -Wl,-Map,LED_Blink_APP.map -mmcu=atmega32 -o "LED_Blink_APP.elf"  ./main.o   
Finished building target: LED_Blink_APP.elf
 
Invoking: AVR Create Extended Listing
avr-objdump -h -S LED_Blink_APP.elf  >"LED_Blink_APP.lss"
Finished building: LED_Blink_APP.lss
 
Create Flash image (ihex format)
avr-objcopy -R .eeprom -R .fuse -R .lock -R .signature -O ihex LED_Blink_APP.elf  "LED_Blink_APP.hex"
Finished building: LED_Blink_APP.hex
 
Invoking: Print Size
avr-size --format=avr --mcu=atmega32 LED_Blink_APP.elf
AVR Memory Usage
----------------
Device: atmega32

Program:    3590 bytes (11.0% Full)
(.text + .data + .bootloader)

Data:          8 bytes (0.4% Full)
(.data + .bss + .noinit)


Finished building: sizedummy
 

10:48:28 Build Finished. 0 errors, 1 warnings. (took 824ms)

