17:54:58 **** Incremental Build of configuration Debug for project LM35_LDR_usingADC ****
make all 
Building file: ../main.c
Invoking: AVR Compiler
avr-gcc -Wall -g2 -gstabs -O0 -fpack-struct -fshort-enums -ffunction-sections -fdata-sections -std=gnu99 -funsigned-char -funsigned-bitfields -mmcu=atmega32 -DF_CPU=8000000UL -MMD -MP -MF"main.d" -MT"main.o" -c -o "main.o" "../main.c"
In file included from ../main.c:9:
c:/winavr-20100110/lib/gcc/../../avr/include/util/delay.h:90:3: warning: #warning "Compiler optimizations disabled; functions from <util/delay.h> won't work as designed"
Finished building: ../main.c
 
Building target: LM35_LDR_usingADC.elf
Invoking: AVR C Linker
avr-gcc -Wl,-Map,LM35_LDR_usingADC.map -mmcu=atmega32 -o "LM35_LDR_usingADC.elf"  ./HLCD_program.o ./MADC_program.o ./MDIO_program.o ./main.o   
Finished building target: LM35_LDR_usingADC.elf
 
Invoking: AVR Create Extended Listing
avr-objdump -h -S LM35_LDR_usingADC.elf  >"LM35_LDR_usingADC.lss"
Finished building: LM35_LDR_usingADC.lss
 
Create Flash image (ihex format)
avr-objcopy -R .eeprom -R .fuse -R .lock -R .signature -O ihex LM35_LDR_usingADC.elf  "LM35_LDR_usingADC.hex"
Finished building: LM35_LDR_usingADC.hex
 
Invoking: Print Size
avr-size --format=avr --mcu=atmega32 LM35_LDR_usingADC.elf
AVR Memory Usage
----------------
Device: atmega32

Program:   15666 bytes (47.8% Full)
(.text + .data + .bootloader)

Data:        286 bytes (14.0% Full)
(.data + .bss + .noinit)


Finished building: sizedummy
 

17:54:58 Build Finished. 0 errors, 1 warnings. (took 665ms)

