02:29:55 **** Incremental Build of configuration Debug for project owndriverLCD ****
make all 
Building file: ../main.c
Invoking: AVR Compiler
avr-gcc -Wall -g2 -gstabs -O0 -fpack-struct -fshort-enums -ffunction-sections -fdata-sections -std=gnu99 -funsigned-char -funsigned-bitfields -mmcu=atmega32 -DF_CPU=8000000UL -MMD -MP -MF"main.d" -MT"main.o" -c -o "main.o" "../main.c"
In file included from ../header.h:13,
                 from ../main.c:8:
c:/winavr-20100110/lib/gcc/../../avr/include/util/delay.h:90:3: warning: #warning "Compiler optimizations disabled; functions from <util/delay.h> won't work as designed"
../main.c: In function 'main':
../main.c:16: warning: pointer targets in passing argument 1 of 'LCD_write_string' differ in signedness
Finished building: ../main.c
 
Building target: owndriverLCD.elf
Invoking: AVR C Linker
avr-gcc -Wl,-Map,owndriverLCD.map -mmcu=atmega32 -o "owndriverLCD.elf"  ./LCD.o ./main.o   
Finished building target: owndriverLCD.elf
 
Invoking: AVR Create Extended Listing
avr-objdump -h -S owndriverLCD.elf  >"owndriverLCD.lss"
Finished building: owndriverLCD.lss
 
Create Flash image (ihex format)
avr-objcopy -R .eeprom -R .fuse -R .lock -R .signature -O ihex owndriverLCD.elf  "owndriverLCD.hex"
Finished building: owndriverLCD.hex
 
Invoking: Print Size
avr-size --format=avr --mcu=atmega32 owndriverLCD.elf
AVR Memory Usage
----------------
Device: atmega32

Program:    7172 bytes (21.9% Full)
(.text + .data + .bootloader)

Data:         14 bytes (0.7% Full)
(.data + .bss + .noinit)


Finished building: sizedummy
 

02:29:56 Build Finished. 0 errors, 2 warnings. (took 615ms)

