12:38:43 **** Incremental Build of configuration Debug for project SPI_Driver_Master ****
make all 
Building file: ../main.c
Invoking: AVR Compiler
avr-gcc -Wall -g2 -gstabs -O0 -fpack-struct -fshort-enums -ffunction-sections -fdata-sections -std=gnu99 -funsigned-char -funsigned-bitfields -mmcu=atmega32 -DF_CPU=8000000UL -MMD -MP -MF"main.d" -MT"main.o" -c -o "main.o" "../main.c"
In file included from ../main.c:13:
c:/winavr-20100110/lib/gcc/../../avr/include/util/delay.h:90:3: warning: #warning "Compiler optimizations disabled; functions from <util/delay.h> won't work as designed"
Finished building: ../main.c
 
Building target: SPI_Driver_Master.elf
Invoking: AVR C Linker
avr-gcc -Wl,-Map,SPI_Driver_Master.map -mmcu=atmega32 -o "SPI_Driver_Master.elf"  ./MDIO_program.o ./MSPI_Program.o ./main.o   
Finished building target: SPI_Driver_Master.elf
 
Invoking: AVR Create Extended Listing
avr-objdump -h -S SPI_Driver_Master.elf  >"SPI_Driver_Master.lss"
Finished building: SPI_Driver_Master.lss
 
Create Flash image (ihex format)
avr-objcopy -R .eeprom -R .fuse -R .lock -R .signature -O ihex SPI_Driver_Master.elf  "SPI_Driver_Master.hex"
Finished building: SPI_Driver_Master.hex
 
Invoking: Print Size
avr-size --format=avr --mcu=atmega32 SPI_Driver_Master.elf
AVR Memory Usage
----------------
Device: atmega32

Program:    6740 bytes (20.6% Full)
(.text + .data + .bootloader)

Data:         10 bytes (0.5% Full)
(.data + .bss + .noinit)


Finished building: sizedummy
 

12:38:44 Build Finished. 0 errors, 1 warnings. (took 614ms)

