23:11:16 **** Incremental Build of configuration Debug for project SPI_Slave_spaghiti ****
make all 
Building file: ../main.c
Invoking: AVR Compiler
avr-gcc -Wall -g2 -gstabs -O0 -fpack-struct -fshort-enums -ffunction-sections -fdata-sections -std=gnu99 -funsigned-char -funsigned-bitfields -mmcu=atmega32 -DF_CPU=8000000UL -MMD -MP -MF"main.d" -MT"main.o" -c -o "main.o" "../main.c"
In file included from ../main.c:10:
c:/winavr-20100110/lib/gcc/../../avr/include/util/delay.h:90:3: warning: #warning "Compiler optimizations disabled; functions from <util/delay.h> won't work as designed"
Finished building: ../main.c
 
Building target: SPI_Slave_spaghiti.elf
Invoking: AVR C Linker
avr-gcc -Wl,-Map,SPI_Slave_spaghiti.map -mmcu=atmega32 -o "SPI_Slave_spaghiti.elf"  ./HLCD_program.o ./MDIO_program.o ./main.o   
Finished building target: SPI_Slave_spaghiti.elf
 
Invoking: AVR Create Extended Listing
avr-objdump -h -S SPI_Slave_spaghiti.elf  >"SPI_Slave_spaghiti.lss"
Finished building: SPI_Slave_spaghiti.lss
 
Create Flash image (ihex format)
avr-objcopy -R .eeprom -R .fuse -R .lock -R .signature -O ihex SPI_Slave_spaghiti.elf  "SPI_Slave_spaghiti.hex"
Finished building: SPI_Slave_spaghiti.hex
 
Invoking: Print Size
avr-size --format=avr --mcu=atmega32 SPI_Slave_spaghiti.elf
AVR Memory Usage
----------------
Device: atmega32

Program:   14116 bytes (43.1% Full)
(.text + .data + .bootloader)

Data:         28 bytes (1.4% Full)
(.data + .bss + .noinit)


Finished building: sizedummy
 

23:11:17 Build Finished. 0 errors, 1 warnings. (took 613ms)

